<?xml version="1.0" encoding="UTF-8"?><testsuite errors="0" failures="0" name="com.restful.booker.bookinginfo.BookingCRUDTestWithSteps" skipped="0" tests="5" time="8.09" timestamp="2023-06-06T23:39:43.335+01:00[Europe/London]"><testcase classname="com.restful.booker.bookinginfo.BookingCRUDTestWithSteps" name="This will create a new token"/><testcase classname="com.restful.booker.bookinginfo.BookingCRUDTestWithSteps" name="This will create a new booking"/><testcase classname="com.restful.booker.bookinginfo.BookingCRUDTestWithSteps" name="Verify if the booking was added to the application"/><testcase classname="com.restful.booker.bookinginfo.BookingCRUDTestWithSteps" name="Update the booking information and verify the updated information"/><testcase classname="com.restful.booker.bookinginfo.BookingCRUDTestWithSteps" name="Delete the booking and verify if the booking is deleted"/></testsuite>